All libraries loaded
config["alpha_vantage"]["datafile"] is data/alphavantage_TIME_SERIES_DAILY_ADJUSTED__WMT__data.json
*********** TEST MODE ***********
     disabling all randomness
*********** TEST MODE ***********
Number data points 6333 from 1999-11-01 to 2025-01-02
Train data shape (5050, 20, 1) (5050,)
Validation data shape (1263, 20, 1) (1263,)
Epoch[1/100] | loss train:0.018688, test:0.276931 | lr:0.010000
Epoch[2/100] | loss train:0.002953, test:0.261665 | lr:0.010000
Epoch[3/100] | loss train:0.002585, test:0.177376 | lr:0.010000
Epoch[4/100] | loss train:0.002328, test:0.236371 | lr:0.010000
Epoch[5/100] | loss train:0.002159, test:0.208882 | lr:0.010000
Epoch[6/100] | loss train:0.001810, test:0.215455 | lr:0.010000
Epoch[7/100] | loss train:0.002031, test:0.173167 | lr:0.010000
Epoch[8/100] | loss train:0.001987, test:0.192025 | lr:0.010000
Epoch[9/100] | loss train:0.001671, test:0.166712 | lr:0.010000
Epoch[10/100] | loss train:0.001723, test:0.161054 | lr:0.010000
Epoch[11/100] | loss train:0.001885, test:0.200935 | lr:0.010000
Epoch[12/100] | loss train:0.001720, test:0.134231 | lr:0.010000
Epoch[13/100] | loss train:0.002158, test:0.171889 | lr:0.010000
Epoch[14/100] | loss train:0.001501, test:0.187916 | lr:0.010000
Epoch[15/100] | loss train:0.001541, test:0.158382 | lr:0.010000
Epoch[16/100] | loss train:0.001655, test:0.175098 | lr:0.010000
Epoch[17/100] | loss train:0.001680, test:0.193200 | lr:0.010000
Epoch[18/100] | loss train:0.001652, test:0.224056 | lr:0.010000
Epoch[19/100] | loss train:0.001801, test:0.168165 | lr:0.010000
Epoch[20/100] | loss train:0.001682, test:0.170757 | lr:0.010000
Epoch[21/100] | loss train:0.001380, test:0.156422 | lr:0.010000
Epoch[22/100] | loss train:0.001616, test:0.176018 | lr:0.010000
Epoch[23/100] | loss train:0.001495, test:0.180481 | lr:0.010000
Epoch[24/100] | loss train:0.001476, test:0.183086 | lr:0.010000
Epoch[25/100] | loss train:0.001492, test:0.162501 | lr:0.010000
Epoch[26/100] | loss train:0.001440, test:0.115972 | lr:0.010000
Epoch[27/100] | loss train:0.001700, test:0.116886 | lr:0.010000
Epoch[28/100] | loss train:0.001514, test:0.104339 | lr:0.010000
Epoch[29/100] | loss train:0.001473, test:0.136293 | lr:0.010000
Epoch[30/100] | loss train:0.001425, test:0.117796 | lr:0.010000
Epoch[31/100] | loss train:0.001531, test:0.081670 | lr:0.010000
Epoch[32/100] | loss train:0.001608, test:0.170278 | lr:0.010000
Epoch[33/100] | loss train:0.001316, test:0.114470 | lr:0.010000
Epoch[34/100] | loss train:0.001795, test:0.124567 | lr:0.010000
Epoch[35/100] | loss train:0.001498, test:0.141138 | lr:0.010000
Epoch[36/100] | loss train:0.001504, test:0.155290 | lr:0.010000
Epoch[37/100] | loss train:0.001454, test:0.153602 | lr:0.010000
Epoch[38/100] | loss train:0.001443, test:0.167085 | lr:0.010000
Epoch[39/100] | loss train:0.001534, test:0.150845 | lr:0.010000
Epoch[40/100] | loss train:0.001515, test:0.205444 | lr:0.010000
Epoch[41/100] | loss train:0.001220, test:0.175786 | lr:0.001000
Epoch[42/100] | loss train:0.001173, test:0.173931 | lr:0.001000
Epoch[43/100] | loss train:0.001151, test:0.152093 | lr:0.001000
Epoch[44/100] | loss train:0.001252, test:0.139798 | lr:0.001000
Epoch[45/100] | loss train:0.001171, test:0.150261 | lr:0.001000
Epoch[46/100] | loss train:0.001117, test:0.140247 | lr:0.001000
Epoch[47/100] | loss train:0.001127, test:0.165456 | lr:0.001000
Epoch[48/100] | loss train:0.001079, test:0.157342 | lr:0.001000
Epoch[49/100] | loss train:0.001207, test:0.159887 | lr:0.001000
Epoch[50/100] | loss train:0.001099, test:0.158142 | lr:0.001000
Epoch[51/100] | loss train:0.001146, test:0.147394 | lr:0.001000
Epoch[52/100] | loss train:0.001151, test:0.158500 | lr:0.001000
Epoch[53/100] | loss train:0.001216, test:0.149979 | lr:0.001000
Epoch[54/100] | loss train:0.001131, test:0.156546 | lr:0.001000
Epoch[55/100] | loss train:0.001134, test:0.155677 | lr:0.001000
Epoch[56/100] | loss train:0.001200, test:0.148229 | lr:0.001000
Epoch[57/100] | loss train:0.001179, test:0.148313 | lr:0.001000
Epoch[58/100] | loss train:0.001095, test:0.155329 | lr:0.001000
Epoch[59/100] | loss train:0.001161, test:0.147367 | lr:0.001000
Epoch[60/100] | loss train:0.001147, test:0.148926 | lr:0.001000
Epoch[61/100] | loss train:0.001179, test:0.137676 | lr:0.001000
Epoch[62/100] | loss train:0.001120, test:0.138984 | lr:0.001000
Epoch[63/100] | loss train:0.001113, test:0.129781 | lr:0.001000
Epoch[64/100] | loss train:0.001123, test:0.129533 | lr:0.001000
Epoch[65/100] | loss train:0.001083, test:0.142008 | lr:0.001000
Epoch[66/100] | loss train:0.001110, test:0.134312 | lr:0.001000
Epoch[67/100] | loss train:0.001108, test:0.143920 | lr:0.001000
Epoch[68/100] | loss train:0.001160, test:0.140370 | lr:0.001000
Epoch[69/100] | loss train:0.001108, test:0.132253 | lr:0.001000
Epoch[70/100] | loss train:0.001112, test:0.135963 | lr:0.001000
Epoch[71/100] | loss train:0.001137, test:0.153711 | lr:0.001000
Epoch[72/100] | loss train:0.001154, test:0.155925 | lr:0.001000
Epoch[73/100] | loss train:0.001146, test:0.165041 | lr:0.001000
Epoch[74/100] | loss train:0.001162, test:0.153108 | lr:0.001000
Epoch[75/100] | loss train:0.001122, test:0.143122 | lr:0.001000
Epoch[76/100] | loss train:0.001109, test:0.143836 | lr:0.001000
Epoch[77/100] | loss train:0.001108, test:0.160281 | lr:0.001000
Epoch[78/100] | loss train:0.001093, test:0.160842 | lr:0.001000
Epoch[79/100] | loss train:0.001156, test:0.139513 | lr:0.001000
Epoch[80/100] | loss train:0.001134, test:0.150471 | lr:0.001000
Epoch[81/100] | loss train:0.001081, test:0.153923 | lr:0.000100
Epoch[82/100] | loss train:0.001036, test:0.156179 | lr:0.000100
Epoch[83/100] | loss train:0.001125, test:0.155150 | lr:0.000100
Epoch[84/100] | loss train:0.000994, test:0.154535 | lr:0.000100
Epoch[85/100] | loss train:0.001093, test:0.156386 | lr:0.000100
Epoch[86/100] | loss train:0.001082, test:0.152566 | lr:0.000100
Epoch[87/100] | loss train:0.001070, test:0.157398 | lr:0.000100
Epoch[88/100] | loss train:0.001055, test:0.163593 | lr:0.000100
Epoch[89/100] | loss train:0.001123, test:0.157648 | lr:0.000100
Epoch[90/100] | loss train:0.001059, test:0.157525 | lr:0.000100
Epoch[91/100] | loss train:0.001036, test:0.159783 | lr:0.000100
Epoch[92/100] | loss train:0.001103, test:0.160326 | lr:0.000100
Epoch[93/100] | loss train:0.001110, test:0.158989 | lr:0.000100
Epoch[94/100] | loss train:0.001069, test:0.157928 | lr:0.000100
Epoch[95/100] | loss train:0.001014, test:0.159140 | lr:0.000100
Epoch[96/100] | loss train:0.001131, test:0.165141 | lr:0.000100
Epoch[97/100] | loss train:0.001058, test:0.157228 | lr:0.000100
Epoch[98/100] | loss train:0.001110, test:0.160732 | lr:0.000100
Epoch[99/100] | loss train:0.001001, test:0.153924 | lr:0.000100
Epoch[100/100] | loss train:0.001064, test:0.164287 | lr:0.000100
Predicted close price of the next trading day: 52.21
