All libraries loaded, API key is O43FB23TXRWT1Q0C
config["alpha_vantage"]["key"] is O43FB23TXRWT1Q0C
*********** TEST MODE ***********
     disabling all randomness
*********** TEST MODE ***********
Number data points 424 from 2023-04-27 to 2025-01-02
Train data shape (323, 20, 1) (323,)
Validation data shape (81, 20, 1) (81,)
Epoch[1/100] | loss train:0.128739, test:0.010441 | lr:0.010000
Epoch[2/100] | loss train:0.096973, test:0.023700 | lr:0.010000
Epoch[3/100] | loss train:0.093325, test:0.013010 | lr:0.010000
Epoch[4/100] | loss train:0.013333, test:0.011258 | lr:0.010000
Epoch[5/100] | loss train:0.023158, test:0.010021 | lr:0.010000
Epoch[6/100] | loss train:0.007197, test:0.006079 | lr:0.010000
Epoch[7/100] | loss train:0.006637, test:0.006427 | lr:0.010000
Epoch[8/100] | loss train:0.043643, test:0.007866 | lr:0.010000
Epoch[9/100] | loss train:0.009599, test:0.003865 | lr:0.010000
Epoch[10/100] | loss train:0.008698, test:0.008180 | lr:0.010000
Epoch[11/100] | loss train:0.009955, test:0.008013 | lr:0.010000
Epoch[12/100] | loss train:0.015643, test:0.005181 | lr:0.010000
Epoch[13/100] | loss train:0.022347, test:0.006124 | lr:0.010000
Epoch[14/100] | loss train:0.013080, test:0.013646 | lr:0.010000
Epoch[15/100] | loss train:0.012898, test:0.005453 | lr:0.010000
Epoch[16/100] | loss train:0.038036, test:0.006509 | lr:0.010000
Epoch[17/100] | loss train:0.016319, test:0.011994 | lr:0.010000
Epoch[18/100] | loss train:0.009033, test:0.005859 | lr:0.010000
Epoch[19/100] | loss train:0.005698, test:0.006690 | lr:0.010000
Epoch[20/100] | loss train:0.031509, test:0.008626 | lr:0.010000
Epoch[21/100] | loss train:0.038050, test:0.005452 | lr:0.010000
Epoch[22/100] | loss train:0.040000, test:0.009135 | lr:0.010000
Epoch[23/100] | loss train:0.021540, test:0.005619 | lr:0.010000
Epoch[24/100] | loss train:0.004607, test:0.007731 | lr:0.010000
Epoch[25/100] | loss train:0.020312, test:0.007051 | lr:0.010000
Epoch[26/100] | loss train:0.004978, test:0.006689 | lr:0.010000
Epoch[27/100] | loss train:0.005770, test:0.008177 | lr:0.010000
Epoch[28/100] | loss train:0.005212, test:0.004836 | lr:0.010000
Epoch[29/100] | loss train:0.011188, test:0.004504 | lr:0.010000
Epoch[30/100] | loss train:0.037526, test:0.004019 | lr:0.010000
Epoch[31/100] | loss train:0.009316, test:0.004700 | lr:0.010000
Epoch[32/100] | loss train:0.004857, test:0.008037 | lr:0.010000
Epoch[33/100] | loss train:0.007711, test:0.003747 | lr:0.010000
Epoch[34/100] | loss train:0.011372, test:0.005180 | lr:0.010000
Epoch[35/100] | loss train:0.006880, test:0.005212 | lr:0.010000
Epoch[36/100] | loss train:0.006782, test:0.003316 | lr:0.010000
Epoch[37/100] | loss train:0.016220, test:0.002666 | lr:0.010000
Epoch[38/100] | loss train:0.030509, test:0.008010 | lr:0.010000
Epoch[39/100] | loss train:0.005772, test:0.007232 | lr:0.010000
Epoch[40/100] | loss train:0.008707, test:0.005655 | lr:0.010000
Epoch[41/100] | loss train:0.010583, test:0.008103 | lr:0.001000
Epoch[42/100] | loss train:0.043976, test:0.006029 | lr:0.001000
Epoch[43/100] | loss train:0.012649, test:0.004056 | lr:0.001000
Epoch[44/100] | loss train:0.008287, test:0.005964 | lr:0.001000
Epoch[45/100] | loss train:0.011147, test:0.003529 | lr:0.001000
Epoch[46/100] | loss train:0.013404, test:0.004205 | lr:0.001000
Epoch[47/100] | loss train:0.003191, test:0.004911 | lr:0.001000
Epoch[48/100] | loss train:0.007704, test:0.003248 | lr:0.001000
Epoch[49/100] | loss train:0.005724, test:0.004141 | lr:0.001000
Epoch[50/100] | loss train:0.018546, test:0.003647 | lr:0.001000
Epoch[51/100] | loss train:0.003051, test:0.003684 | lr:0.001000
Epoch[52/100] | loss train:0.002806, test:0.004118 | lr:0.001000
Epoch[53/100] | loss train:0.010783, test:0.004174 | lr:0.001000
Epoch[54/100] | loss train:0.012312, test:0.005777 | lr:0.001000
Epoch[55/100] | loss train:0.020964, test:0.004411 | lr:0.001000
Epoch[56/100] | loss train:0.006278, test:0.005742 | lr:0.001000
Epoch[57/100] | loss train:0.004751, test:0.003679 | lr:0.001000
Epoch[58/100] | loss train:0.004949, test:0.004235 | lr:0.001000
Epoch[59/100] | loss train:0.013516, test:0.002616 | lr:0.001000
Epoch[60/100] | loss train:0.014178, test:0.004261 | lr:0.001000
Epoch[61/100] | loss train:0.004700, test:0.002451 | lr:0.001000
Epoch[62/100] | loss train:0.004768, test:0.003689 | lr:0.001000
Epoch[63/100] | loss train:0.002636, test:0.004463 | lr:0.001000
Epoch[64/100] | loss train:0.003326, test:0.004493 | lr:0.001000
Epoch[65/100] | loss train:0.010105, test:0.003133 | lr:0.001000
Epoch[66/100] | loss train:0.012690, test:0.004630 | lr:0.001000
Epoch[67/100] | loss train:0.009408, test:0.003278 | lr:0.001000
Epoch[68/100] | loss train:0.013793, test:0.003433 | lr:0.001000
Epoch[69/100] | loss train:0.007695, test:0.003564 | lr:0.001000
Epoch[70/100] | loss train:0.006231, test:0.004403 | lr:0.001000
Epoch[71/100] | loss train:0.003763, test:0.005385 | lr:0.001000
Epoch[72/100] | loss train:0.008453, test:0.005335 | lr:0.001000
Epoch[73/100] | loss train:0.013156, test:0.003291 | lr:0.001000
Epoch[74/100] | loss train:0.004683, test:0.005047 | lr:0.001000
Epoch[75/100] | loss train:0.005819, test:0.002968 | lr:0.001000
Epoch[76/100] | loss train:0.010046, test:0.004473 | lr:0.001000
Epoch[77/100] | loss train:0.003956, test:0.002979 | lr:0.001000
Epoch[78/100] | loss train:0.025862, test:0.003708 | lr:0.001000
Epoch[79/100] | loss train:0.005845, test:0.001989 | lr:0.001000
Epoch[80/100] | loss train:0.018498, test:0.002014 | lr:0.001000
Epoch[81/100] | loss train:0.011107, test:0.004044 | lr:0.000100
Epoch[82/100] | loss train:0.008247, test:0.004238 | lr:0.000100
Epoch[83/100] | loss train:0.013300, test:0.002799 | lr:0.000100
Epoch[84/100] | loss train:0.012490, test:0.004864 | lr:0.000100
Epoch[85/100] | loss train:0.008946, test:0.003745 | lr:0.000100
Epoch[86/100] | loss train:0.031829, test:0.002506 | lr:0.000100
Epoch[87/100] | loss train:0.011744, test:0.003486 | lr:0.000100
Epoch[88/100] | loss train:0.044119, test:0.004601 | lr:0.000100
Epoch[89/100] | loss train:0.004372, test:0.002651 | lr:0.000100
Epoch[90/100] | loss train:0.012778, test:0.002537 | lr:0.000100
Epoch[91/100] | loss train:0.011711, test:0.001729 | lr:0.000100
Epoch[92/100] | loss train:0.027831, test:0.003757 | lr:0.000100
Epoch[93/100] | loss train:0.002438, test:0.003874 | lr:0.000100
Epoch[94/100] | loss train:0.004078, test:0.003437 | lr:0.000100
Epoch[95/100] | loss train:0.017810, test:0.002532 | lr:0.000100
Epoch[96/100] | loss train:0.026280, test:0.004166 | lr:0.000100
Epoch[97/100] | loss train:0.005138, test:0.002510 | lr:0.000100
Epoch[98/100] | loss train:0.008956, test:0.004775 | lr:0.000100
Epoch[99/100] | loss train:0.011341, test:0.003402 | lr:0.000100
Epoch[100/100] | loss train:0.008633, test:0.002586 | lr:0.000100
Predicted close price of the next trading day: 19.05
